# JRE version: OpenJDK Runtime Environment (8.0_242-b01) (build 1.8.0_242-release-1644-b01)
# Java VM: OpenJDK 64-Bit Server VM (25.242-b01 mixed mode windows-amd64 compressed oops)
Heap:
 PSYoungGen      total 345600K, used 41310K [0x00000000d5580000, 0x00000000f0280000, 0x0000000100000000)
  eden space 292864K, 0% used [0x00000000d5580000,0x00000000d5580000,0x00000000e7380000)
  from space 52736K, 78% used [0x00000000eab00000,0x00000000ed357830,0x00000000ede80000)
  to   space 56832K, 0% used [0x00000000e7380000,0x00000000e7380000,0x00000000eab00000)
 ParOldGen       total 150016K, used 104788K [0x0000000080000000, 0x0000000089280000, 0x00000000d5580000)
  object space 150016K, 69% used [0x0000000080000000,0x0000000086655258,0x0000000089280000)
 Metaspace       used 93384K, capacity 98504K, committed 98600K, reserved 1134592K
  class space    used 12244K, capacity 13277K, committed 13360K, reserved 1048576K
GC Heap History (10 events):
Event: 987.415 GC heap after
Heap after GC invocations=21 (full 3):
 PSYoungGen      total 278016K, used 20550K [0x00000000d5580000, 0x00000000e8c00000, 0x0000000100000000)
  eden space 247296K, 0% used [0x00000000d5580000,0x00000000d5580000,0x00000000e4700000)
  from space 30720K, 66% used [0x00000000e6e00000,0x00000000e8211868,0x00000000e8c00000)
  to   space 35328K, 0% used [0x00000000e4700000,0x00000000e4700000,0x00000000e6980000)
 ParOldGen       total 150016K, used 73657K [0x0000000080000000, 0x0000000089280000, 0x00000000d5580000)
  object space 150016K, 49% used [0x0000000080000000,0x00000000847ee6c8,0x0000000089280000)
 Metaspace       used 85817K, capacity 90550K, committed 90664K, reserved 1128448K
  class space    used 11357K, capacity 12286K, committed 12336K, reserved 1048576K
}
Event: 992.051 GC heap before
{Heap before GC invocations=22 (full 3):
 PSYoungGen      total 278016K, used 267846K [0x00000000d5580000, 0x00000000e8c00000, 0x0000000100000000)
  eden space 247296K, 100% used [0x00000000d5580000,0x00000000e4700000,0x00000000e4700000)
  from space 30720K, 66% used [0x00000000e6e00000,0x00000000e8211868,0x00000000e8c00000)
  to   space 35328K, 0% used [0x00000000e4700000,0x00000000e4700000,0x00000000e6980000)
 ParOldGen       total 150016K, used 73657K [0x0000000080000000, 0x0000000089280000, 0x00000000d5580000)
  object space 150016K, 49% used [0x0000000080000000,0x00000000847ee6c8,0x0000000089280000)
 Metaspace       used 87760K, capacity 92562K, committed 92712K, reserved 1130496K
  class space    used 11571K, capacity 12566K, committed 12592K, reserved 1048576K
Event: 992.124 GC heap after
Heap after GC invocations=22 (full 3):
 PSYoungGen      total 282624K, used 35327K [0x00000000d5580000, 0x00000000eb780000, 0x0000000100000000)
  eden space 247296K, 0% used [0x00000000d5580000,0x00000000d5580000,0x00000000e4700000)
  from space 35328K, 99% used [0x00000000e4700000,0x00000000e697fce8,0x00000000e6980000)
  to   space 46080K, 0% used [0x00000000e8a80000,0x00000000e8a80000,0x00000000eb780000)
 ParOldGen       total 150016K, used 88566K [0x0000000080000000, 0x0000000089280000, 0x00000000d5580000)
  object space 150016K, 59% used [0x0000000080000000,0x000000008567d938,0x0000000089280000)
 Metaspace       used 87760K, capacity 92562K, committed 92712K, reserved 1130496K
  class space    used 11571K, capacity 12566K, committed 12592K, reserved 1048576K
}
Event: 999.370 GC heap before
{Heap before GC invocations=23 (full 3):
 PSYoungGen      total 282624K, used 282623K [0x00000000d5580000, 0x00000000eb780000, 0x0000000100000000)
  eden space 247296K, 100% used [0x00000000d5580000,0x00000000e4700000,0x00000000e4700000)
  from space 35328K, 99% used [0x00000000e4700000,0x00000000e697fce8,0x00000000e6980000)
  to   space 46080K, 0% used [0x00000000e8a80000,0x00000000e8a80000,0x00000000eb780000)
 ParOldGen       total 150016K, used 88566K [0x0000000080000000, 0x0000000089280000, 0x00000000d5580000)
  object space 150016K, 59% used [0x0000000080000000,0x000000008567d938,0x0000000089280000)
 Metaspace       used 92287K, capacity 97376K, committed 97448K, reserved 1134592K
  class space    used 12121K, capacity 13171K, committed 13232K, reserved 1048576K
Event: 999.486 GC heap after
Heap after GC invocations=23 (full 3):
 PSYoungGen      total 314880K, used 30932K [0x00000000d5580000, 0x00000000ebd00000, 0x0000000100000000)
  eden space 268800K, 0% used [0x00000000d5580000,0x00000000d5580000,0x00000000e5c00000)
  from space 46080K, 67% used [0x00000000e8a80000,0x00000000ea8b5308,0x00000000eb780000)
  to   space 47616K, 0% used [0x00000000e5c00000,0x00000000e5c00000,0x00000000e8a80000)
 ParOldGen       total 150016K, used 104772K [0x0000000080000000, 0x0000000089280000, 0x00000000d5580000)
  object space 150016K, 69% used [0x0000000080000000,0x0000000086651258,0x0000000089280000)
 Metaspace       used 92287K, capacity 97376K, committed 97448K, reserved 1134592K
  class space    used 12121K, capacity 13171K, committed 13232K, reserved 1048576K
}
Event: 1004.548 GC heap before
{Heap before GC invocations=24 (full 3):
 PSYoungGen      total 314880K, used 299732K [0x00000000d5580000, 0x00000000ebd00000, 0x0000000100000000)
  eden space 268800K, 100% used [0x00000000d5580000,0x00000000e5c00000,0x00000000e5c00000)
  from space 46080K, 67% used [0x00000000e8a80000,0x00000000ea8b5308,0x00000000eb780000)
  to   space 47616K, 0% used [0x00000000e5c00000,0x00000000e5c00000,0x00000000e8a80000)
 ParOldGen       total 150016K, used 104772K [0x0000000080000000, 0x0000000089280000, 0x00000000d5580000)
  object space 150016K, 69% used [0x0000000080000000,0x0000000086651258,0x0000000089280000)
 Metaspace       used 93357K, capacity 98470K, committed 98600K, reserved 1134592K
  class space    used 12238K, capacity 13270K, committed 13360K, reserved 1048576K
Event: 1004.616 GC heap after
Heap after GC invocations=24 (full 3):
 PSYoungGen      total 316416K, used 41073K [0x00000000d5580000, 0x00000000ede80000, 0x0000000100000000)
  eden space 268800K, 0% used [0x00000000d5580000,0x00000000d5580000,0x00000000e5c00000)
  from space 47616K, 86% used [0x00000000e5c00000,0x00000000e841c720,0x00000000e8a80000)
  to   space 52736K, 0% used [0x00000000eab00000,0x00000000eab00000,0x00000000ede80000)
 ParOldGen       total 150016K, used 104780K [0x0000000080000000, 0x0000000089280000, 0x00000000d5580000)
  object space 150016K, 69% used [0x0000000080000000,0x0000000086653258,0x0000000089280000)
 Metaspace       used 93357K, capacity 98470K, committed 98600K, reserved 1134592K
  class space    used 12238K, capacity 13270K, committed 13360K, reserved 1048576K
}
Event: 1005.134 GC heap before
{Heap before GC invocations=25 (full 3):
 PSYoungGen      total 316416K, used 60430K [0x00000000d5580000, 0x00000000ede80000, 0x0000000100000000)
  eden space 268800K, 7% used [0x00000000d5580000,0x00000000d68671b0,0x00000000e5c00000)
  from space 47616K, 86% used [0x00000000e5c00000,0x00000000e841c720,0x00000000e8a80000)
  to   space 52736K, 0% used [0x00000000eab00000,0x00000000eab00000,0x00000000ede80000)
 ParOldGen       total 150016K, used 104780K [0x0000000080000000, 0x0000000089280000, 0x00000000d5580000)
  object space 150016K, 69% used [0x0000000080000000,0x0000000086653258,0x0000000089280000)
 Metaspace       used 93384K, capacity 98504K, committed 98600K, reserved 1134592K
  class space    used 12244K, capacity 13277K, committed 13360K, reserved 1048576K
Event: 1005.203 GC heap after
Heap after GC invocations=25 (full 3):
 PSYoungGen      total 345600K, used 41310K [0x00000000d5580000, 0x00000000f0280000, 0x0000000100000000)
  eden space 292864K, 0% used [0x00000000d5580000,0x00000000d5580000,0x00000000e7380000)
  from space 52736K, 78% used [0x00000000eab00000,0x00000000ed357830,0x00000000ede80000)
  to   space 56832K, 0% used [0x00000000e7380000,0x00000000e7380000,0x00000000eab00000)
 ParOldGen       total 150016K, used 104788K [0x0000000080000000, 0x0000000089280000, 0x00000000d5580000)
  object space 150016K, 69% used [0x0000000080000000,0x0000000086655258,0x0000000089280000)
 Metaspace       used 93384K, capacity 98504K, committed 98600K, reserved 1134592K
  class space    used 12244K, capacity 13277K, committed 13360K, reserved 1048576K
}
Event: 1005.203 GC heap before
{Heap before GC invocations=26 (full 4):
 PSYoungGen      total 345600K, used 41310K [0x00000000d5580000, 0x00000000f0280000, 0x0000000100000000)
  eden space 292864K, 0% used [0x00000000d5580000,0x00000000d5580000,0x00000000e7380000)
  from space 52736K, 78% used [0x00000000eab00000,0x00000000ed357830,0x00000000ede80000)
  to   space 56832K, 0% used [0x00000000e7380000,0x00000000e7380000,0x00000000eab00000)
 ParOldGen       total 150016K, used 104788K [0x0000000080000000, 0x0000000089280000, 0x00000000d5580000)
  object space 150016K, 69% used [0x0000000080000000,0x0000000086655258,0x0000000089280000)
 Metaspace       used 93384K, capacity 98504K, committed 98600K, reserved 1134592K
  class space    used 12244K, capacity 13277K, committed 13360K, reserved 1048576K

